<?xml version="1.0" encoding="UTF-8"?>
<!-- Generated by org.testng.reporters.JUnitReportReporter -->
<testsuite skipped="0" hostname="2030002920" name="eComerceTests.dressPurchaseFlowCompleteTest" tests="2" failures="0" timestamp="15 Dec 2017 17:01:12 GMT" time="30.089" errors="0">
  <testcase name="selectDressAndAddOnHover" time="14.449" classname="eComerceTests.dressPurchaseFlowCompleteTest"/>
  <testcase name="selectDressAndAddOnClick" time="15.640" classname="eComerceTests.dressPurchaseFlowCompleteTest"/>
</testsuite> <!-- eComerceTests.dressPurchaseFlowCompleteTest -->
