<?xml version="1.0" encoding="UTF-8"?>
<!-- Generated by org.testng.reporters.JUnitReportReporter -->
<testsuite skipped="0" hostname="2030002920" name="tests.chromeinvalidloginTest" tests="1" failures="0" timestamp="14 Dec 2017 21:48:19 GMT" time="13.632" errors="0">
  <testcase name="testInvalid" time="13.632" classname="tests.chromeinvalidloginTest"/>
</testsuite> <!-- tests.chromeinvalidloginTest -->
