<?xml version="1.0" encoding="UTF-8"?>
<!-- Generated by org.testng.reporters.JUnitReportReporter -->
<testsuite skipped="0" hostname="2030002920" name="tests.dressPurchaseFlowCompleteTest" tests="1" failures="0" timestamp="14 Dec 2017 23:51:38 GMT" time="15.234" errors="0">
  <testcase name="selectDressAndAddOnClick" time="15.234" classname="tests.dressPurchaseFlowCompleteTest"/>
</testsuite> <!-- tests.dressPurchaseFlowCompleteTest -->
