<?xml version="1.0" encoding="UTF-8"?>
<!-- Generated by org.testng.reporters.JUnitReportReporter -->
<testsuite skipped="0" hostname="2030002920" name="eComerceTests.dressPurchaseFlowCompleteTest" tests="1" failures="0" timestamp="15 Dec 2017 23:28:17 GMT" time="20.329" errors="0">
  <testcase name="selectDressAndAddOnHover" time="20.329" classname="eComerceTests.dressPurchaseFlowCompleteTest"/>
</testsuite> <!-- eComerceTests.dressPurchaseFlowCompleteTest -->
