<?xml version="1.0" encoding="UTF-8"?>
<!-- Generated by org.testng.reporters.JUnitReportReporter -->
<testsuite skipped="0" hostname="2030002920" name="eComerceTests.TestCases.MainPageTests" tests="1" failures="0" timestamp="18 Dec 2017 19:42:01 GMT" time="14.419" errors="0">
  <testcase name="test" time="14.419" classname="eComerceTests.TestCases.MainPageTests"/>
</testsuite> <!-- eComerceTests.TestCases.MainPageTests -->
