<?xml version="1.0" encoding="UTF-8"?>
<!-- Generated by org.testng.reporters.JUnitReportReporter -->
<testsuite skipped="0" hostname="2030002920" name="tests.dressPurchaseFlowCompleteTest" tests="2" failures="0" timestamp="15 Dec 2017 00:23:00 GMT" time="29.226" errors="0">
  <testcase name="selectDressAndAddOnHover" time="13.662" classname="tests.dressPurchaseFlowCompleteTest"/>
  <testcase name="selectDressAndAddOnClick" time="15.564" classname="tests.dressPurchaseFlowCompleteTest"/>
</testsuite> <!-- tests.dressPurchaseFlowCompleteTest -->
