<?xml version="1.0" encoding="UTF-8"?>
<!-- Generated by org.testng.reporters.JUnitReportReporter -->
<testsuite skipped="0" hostname="2030002920" name="chromeinvalidloginTest" tests="1" failures="0" timestamp="14 Dec 2017 20:38:06 GMT" time="0.012" errors="0">
  <testcase name="testInvalid" time="0.012" classname="chromeinvalidloginTest"/>
</testsuite> <!-- chromeinvalidloginTest -->
