<?xml version="1.0" encoding="UTF-8"?>
<!-- Generated by org.testng.reporters.JUnitReportReporter -->
<testsuite skipped="0" hostname="2030002920" name="eComerceTests.UserSignUp" tests="1" failures="0" timestamp="15 Dec 2017 17:29:32 GMT" time="14.620" errors="0">
  <testcase name="validSignUpMainPageFull" time="14.620" classname="eComerceTests.UserSignUp"/>
</testsuite> <!-- eComerceTests.UserSignUp -->
