<?xml version="1.0" encoding="UTF-8"?>
<!-- Generated by org.testng.reporters.JUnitReportReporter -->
<testsuite skipped="0" hostname="2030002920" name="eComerceTests.TestCases.MainPageTests" tests="1" failures="0" timestamp="19 Dec 2017 18:10:13 GMT" time="13.006" errors="0">
  <testcase name="test" time="13.006" classname="eComerceTests.TestCases.MainPageTests"/>
</testsuite> <!-- eComerceTests.TestCases.MainPageTests -->
